# JRE version: Java(TM) SE Runtime Environment (8.0_92-b14) (build 1.8.0_92-b14)
# Java VM: Java HotSpot(TM) Client VM (25.92-b14 mixed mode windows-x86 )
Heap:
 def new generation   total 39424K, used 15910K [0x05600000, 0x080c0000, 0x100a0000)
  eden space 35072K,  37% used [0x05600000, 0x062ce580, 0x07840000)
  from space 4352K,  64% used [0x07c80000, 0x07f3b2f8, 0x080c0000)
  to   space 4352K,   0% used [0x07840000, 0x07840000, 0x07c80000)
 tenured generation   total 87424K, used 34702K [0x100a0000, 0x15600000, 0x25600000)
   the space 87424K,  39% used [0x100a0000, 0x12283b60, 0x12283c00, 0x15600000)
 Metaspace       used 19091K, capacity 19582K, committed 19584K, reserved 19840K
GC Heap History (10 events):
Event: 3626.243 GC heap before
{Heap before GC invocations=45 (full 1):
 def new generation   total 39424K, used 35320K [0x05600000, 0x080c0000, 0x100a0000)
  eden space 35072K, 100% used [0x05600000, 0x07840000, 0x07840000)
  from space 4352K,   5% used [0x07840000, 0x0787e208, 0x07c80000)
  to   space 4352K,   0% used [0x07c80000, 0x07c80000, 0x080c0000)
 tenured generation   total 87424K, used 27747K [0x100a0000, 0x15600000, 0x25600000)
   the space 87424K,  31% used [0x100a0000, 0x11bb8e08, 0x11bb9000, 0x15600000)
 Metaspace       used 18980K, capacity 19473K, committed 19584K, reserved 19840K
Event: 3626.248 GC heap after
Heap after GC invocations=46 (full 1):
 def new generation   total 39424K, used 1175K [0x05600000, 0x080c0000, 0x100a0000)
  eden space 35072K,   0% used [0x05600000, 0x05600000, 0x07840000)
  from space 4352K,  27% used [0x07c80000, 0x07da5da8, 0x080c0000)
  to   space 4352K,   0% used [0x07840000, 0x07840000, 0x07c80000)
 tenured generation   total 87424K, used 31509K [0x100a0000, 0x15600000, 0x25600000)
   the space 87424K,  36% used [0x100a0000, 0x11f65570, 0x11f65600, 0x15600000)
 Metaspace       used 18980K, capacity 19473K, committed 19584K, reserved 19840K
}
Event: 4078.366 GC heap before
{Heap before GC invocations=46 (full 1):
 def new generation   total 39424K, used 36247K [0x05600000, 0x080c0000, 0x100a0000)
  eden space 35072K, 100% used [0x05600000, 0x07840000, 0x07840000)
  from space 4352K,  27% used [0x07c80000, 0x07da5da8, 0x080c0000)
  to   space 4352K,   0% used [0x07840000, 0x07840000, 0x07c80000)
 tenured generation   total 87424K, used 31509K [0x100a0000, 0x15600000, 0x25600000)
   the space 87424K,  36% used [0x100a0000, 0x11f65570, 0x11f65600, 0x15600000)
 Metaspace       used 19085K, capacity 19572K, committed 19584K, reserved 19840K
Event: 4078.371 GC heap after
Heap after GC invocations=47 (full 1):
 def new generation   total 39424K, used 1204K [0x05600000, 0x080c0000, 0x100a0000)
  eden space 35072K,   0% used [0x05600000, 0x05600000, 0x07840000)
  from space 4352K,  27% used [0x07840000, 0x0796d348, 0x07c80000)
  to   space 4352K,   0% used [0x07c80000, 0x07c80000, 0x080c0000)
 tenured generation   total 87424K, used 31509K [0x100a0000, 0x15600000, 0x25600000)
   the space 87424K,  36% used [0x100a0000, 0x11f65570, 0x11f65600, 0x15600000)
 Metaspace       used 19085K, capacity 19572K, committed 19584K, reserved 19840K
}
Event: 4236.456 GC heap before
{Heap before GC invocations=47 (full 1):
 def new generation   total 39424K, used 36276K [0x05600000, 0x080c0000, 0x100a0000)
  eden space 35072K, 100% used [0x05600000, 0x07840000, 0x07840000)
  from space 4352K,  27% used [0x07840000, 0x0796d348, 0x07c80000)
  to   space 4352K,   0% used [0x07c80000, 0x07c80000, 0x080c0000)
 tenured generation   total 87424K, used 31509K [0x100a0000, 0x15600000, 0x25600000)
   the space 87424K,  36% used [0x100a0000, 0x11f65570, 0x11f65600, 0x15600000)
 Metaspace       used 19089K, capacity 19579K, committed 19584K, reserved 19840K
Event: 4236.464 GC heap after
Heap after GC invocations=48 (full 1):
 def new generation   total 39424K, used 3338K [0x05600000, 0x080c0000, 0x100a0000)
  eden space 35072K,   0% used [0x05600000, 0x05600000, 0x07840000)
  from space 4352K,  76% used [0x07c80000, 0x07fc2bd0, 0x080c0000)
  to   space 4352K,   0% used [0x07840000, 0x07840000, 0x07c80000)
 tenured generation   total 87424K, used 31509K [0x100a0000, 0x15600000, 0x25600000)
   the space 87424K,  36% used [0x100a0000, 0x11f65570, 0x11f65600, 0x15600000)
 Metaspace       used 19089K, capacity 19579K, committed 19584K, reserved 19840K
}
Event: 4446.735 GC heap before
{Heap before GC invocations=48 (full 1):
 def new generation   total 39424K, used 38410K [0x05600000, 0x080c0000, 0x100a0000)
  eden space 35072K, 100% used [0x05600000, 0x07840000, 0x07840000)
  from space 4352K,  76% used [0x07c80000, 0x07fc2bd0, 0x080c0000)
  to   space 4352K,   0% used [0x07840000, 0x07840000, 0x07c80000)
 tenured generation   total 87424K, used 31509K [0x100a0000, 0x15600000, 0x25600000)
   the space 87424K,  36% used [0x100a0000, 0x11f65570, 0x11f65600, 0x15600000)
 Metaspace       used 19091K, capacity 19582K, committed 19584K, reserved 19840K
Event: 4446.742 GC heap after
Heap after GC invocations=49 (full 1):
 def new generation   total 39424K, used 176K [0x05600000, 0x080c0000, 0x100a0000)
  eden space 35072K,   0% used [0x05600000, 0x05600000, 0x07840000)
  from space 4352K,   4% used [0x07840000, 0x0786c278, 0x07c80000)
  to   space 4352K,   0% used [0x07c80000, 0x07c80000, 0x080c0000)
 tenured generation   total 87424K, used 34702K [0x100a0000, 0x15600000, 0x25600000)
   the space 87424K,  39% used [0x100a0000, 0x12283b60, 0x12283c00, 0x15600000)
 Metaspace       used 19091K, capacity 19582K, committed 19584K, reserved 19840K
}
Event: 4533.864 GC heap before
{Heap before GC invocations=49 (full 1):
 def new generation   total 39424K, used 35247K [0x05600000, 0x080c0000, 0x100a0000)
  eden space 35072K,  99% used [0x05600000, 0x0783fd28, 0x07840000)
  from space 4352K,   4% used [0x07840000, 0x0786c278, 0x07c80000)
  to   space 4352K,   0% used [0x07c80000, 0x07c80000, 0x080c0000)
 tenured generation   total 87424K, used 34702K [0x100a0000, 0x15600000, 0x25600000)
   the space 87424K,  39% used [0x100a0000, 0x12283b60, 0x12283c00, 0x15600000)
 Metaspace       used 19091K, capacity 19582K, committed 19584K, reserved 19840K
Event: 4533.869 GC heap after
Heap after GC invocations=50 (full 1):
 def new generation   total 39424K, used 2796K [0x05600000, 0x080c0000, 0x100a0000)
  eden space 35072K,   0% used [0x05600000, 0x05600000, 0x07840000)
  from space 4352K,  64% used [0x07c80000, 0x07f3b2f8, 0x080c0000)
  to   space 4352K,   0% used [0x07840000, 0x07840000, 0x07c80000)
 tenured generation   total 87424K, used 34702K [0x100a0000, 0x15600000, 0x25600000)
   the space 87424K,  39% used [0x100a0000, 0x12283b60, 0x12283c00, 0x15600000)
 Metaspace       used 19091K, capacity 19582K, committed 19584K, reserved 19840K
}

